VirtualBox VM 5.2.42_Ubuntu r137960 linux.amd64 (Jun  5 2020 08:26:08) release log
00:00:00.021173 Log opened 2020-09-09T13:53:46.397338000Z
00:00:00.021174 Build Type: release
00:00:00.021177 OS Product: Linux
00:00:00.021178 OS Release: 5.4.0-47-generic
00:00:00.021179 OS Version: #51~18.04.1-Ubuntu SMP Sat Sep 5 14:35:50 UTC 2020
00:00:00.021199 DMI Product Name: XPS 15 9560
00:00:00.021205 DMI Product Version: 
00:00:00.021244 Host RAM: 15864MB (15.4GB) total, 9317MB (9.0GB) available
00:00:00.021249 Executable: /usr/lib/virtualbox/VBoxHeadless
00:00:00.021249 Process ID: 20633
00:00:00.021250 Package type: LINUX_64BITS_GENERIC (OSE)
00:00:00.026901 Installed Extension Packs:
00:00:00.026928   VNC (Version: 5.2.42 r137960; VRDE Module: VBoxVNC)
00:00:00.026935   Oracle VM VirtualBox Extension Pack (Version: 5.2.42 r137960; VRDE Module: VBoxVRDP)
00:00:00.027791 Console: Machine state changed to 'Starting'
00:00:00.032094 SUP: Loaded VMMR0.r0 (/usr/lib/virtualbox/VMMR0.r0) at 0xXXXXXXXXXXXXXXXX - ModuleInit at XXXXXXXXXXXXXXXX and ModuleTerm at XXXXXXXXXXXXXXXX
00:00:00.032132 SUP: VMMR0EntryEx located at XXXXXXXXXXXXXXXX and VMMR0EntryFast at XXXXXXXXXXXXXXXX
00:00:00.033484 Guest OS type: 'Linux_64'
00:00:00.035084 fHMForced=true - 64-bit guest
00:00:00.039928 File system of '/home/aurelien/dev/snowcrash/scripts/vm/Snowcrash/Snapshots' (snapshots) is unknown
00:00:00.040011 File system of '/home/aurelien/dev/snowcrash/scripts/vm/Snowcrash/.vdi' is ext4
00:00:00.042963 File system of '/home/aurelien/dev/snowcrash/scripts/vm/SnowCrash.iso' (DVD) is ext4
00:00:00.238090 Shared clipboard service loaded
00:00:00.238113 Shared clipboard mode: Off
00:00:00.238846 Drag and drop service loaded
00:00:00.238865 Drag and drop mode: Off
00:00:00.240178 Guest Control service loaded
00:00:00.242464 ************************* CFGM dump *************************
00:00:00.242470 [/] (level 0)
00:00:00.242478   CSAMEnabled       <integer> = 0x0000000000000001 (1)
00:00:00.242481   CpuExecutionCap   <integer> = 0x0000000000000064 (100)
00:00:00.242482   EnablePAE         <integer> = 0x0000000000000001 (1)
00:00:00.242483   HMEnabled         <integer> = 0x0000000000000001 (1)
00:00:00.242484   MemBalloonSize    <integer> = 0x0000000000000000 (0)
00:00:00.242484   Name              <string>  = "Snowcrash" (cb=10)
00:00:00.242485   NumCPUs           <integer> = 0x0000000000000001 (1)
00:00:00.242486   PATMEnabled       <integer> = 0x0000000000000001 (1)
00:00:00.242486   PageFusionAllowed <integer> = 0x0000000000000000 (0)
00:00:00.242487   RamHoleSize       <integer> = 0x0000000020000000 (536 870 912, 512 MB)
00:00:00.242488   RamSize           <integer> = 0x0000000040000000 (1 073 741 824, 1 024 MB)
00:00:00.242490   RawR0Enabled      <integer> = 0x0000000000000001 (1)
00:00:00.242490   RawR3Enabled      <integer> = 0x0000000000000001 (1)
00:00:00.242491   TimerMillies      <integer> = 0x000000000000000a (10)
00:00:00.242492   UUID              <bytes>   = "c8 14 46 e6 a3 d4 e6 41 b8 ec b9 c5 db 3d 86 e7" (cb=16)
00:00:00.242495 
00:00:00.242496 [/CPUM/] (level 1)
00:00:00.242497   GuestCpuName       <string>  = "host" (cb=5)
00:00:00.242498   PortableCpuIdLevel <integer> = 0x0000000000000000 (0)
00:00:00.242499   SpecCtrl           <integer> = 0x0000000000000000 (0)
00:00:00.242499 
00:00:00.242502 [/DBGC/] (level 1)
00:00:00.242503   GlobalInitScript <string>  = "/home/aurelien/.config/VirtualBox/dbgc-init" (cb=44)
00:00:00.242503   HistoryFile      <string>  = "/home/aurelien/.config/VirtualBox/dbgc-history" (cb=47)
00:00:00.242504   LocalInitScript  <string>  = "/home/aurelien/dev/snowcrash/scripts/vm/Snowcrash/dbgc-init" (cb=60)
00:00:00.242505 
00:00:00.242505 [/DBGF/] (level 1)
00:00:00.242506   Path <string>  = "/home/aurelien/dev/snowcrash/scripts/vm/Snowcrash/debug/;/home/aurelien/dev/snowcrash/scripts/vm/Snowcrash/;/home/aurelien/" (cb=124)
00:00:00.242507 
00:00:00.242507 [/Devices/] (level 1)
00:00:00.242508 
00:00:00.242508 [/Devices/8237A/] (level 2)
00:00:00.242509 
00:00:00.242509 [/Devices/8237A/0/] (level 3)
00:00:00.242510   Trusted <integer> = 0x0000000000000001 (1)
00:00:00.242511 
00:00:00.242511 [/Devices/GIMDev/] (level 2)
00:00:00.242512 
00:00:00.242512 [/Devices/GIMDev/0/] (level 3)
00:00:00.242513   Trusted <integer> = 0x0000000000000001 (1)
00:00:00.242513 
00:00:00.242514 [/Devices/VMMDev/] (level 2)
00:00:00.242514 
00:00:00.242515 [/Devices/VMMDev/0/] (level 3)
00:00:00.242516   PCIBusNo      <integer> = 0x0000000000000000 (0)
00:00:00.242516   PCIDeviceNo   <integer> = 0x0000000000000004 (4)
00:00:00.242517   PCIFunctionNo <integer> = 0x0000000000000000 (0)
00:00:00.242517   Trusted       <integer> = 0x0000000000000001 (1)
00:00:00.242518 
00:00:00.242518 [/Devices/VMMDev/0/Config/] (level 4)
00:00:00.242519   GuestCoreDumpDir <string>  = "/home/aurelien/dev/snowcrash/scripts/vm/Snowcrash/Snapshots" (cb=60)
00:00:00.242520 
00:00:00.242520 [/Devices/VMMDev/0/LUN#0/] (level 4)
00:00:00.242521   Driver <string>  = "HGCM" (cb=5)
00:00:00.242521 
00:00:00.242522 [/Devices/VMMDev/0/LUN#0/Config/] (level 5)
00:00:00.242523   Object <integer> = 0x00007fee5c000b70 (140 661 722 450 800)
00:00:00.242524 
00:00:00.242524 [/Devices/VMMDev/0/LUN#999/] (level 4)
00:00:00.242525   Driver <string>  = "MainStatus" (cb=11)
00:00:00.242526 
00:00:00.242526 [/Devices/VMMDev/0/LUN#999/Config/] (level 5)
00:00:00.242527   First   <integer> = 0x0000000000000000 (0)
00:00:00.242528   Last    <integer> = 0x0000000000000000 (0)
00:00:00.242529   papLeds <integer> = 0x00007fee68001bd0 (140 661 923 781 584)
00:00:00.242530 
00:00:00.242530 [/Devices/acpi/] (level 2)
00:00:00.242531 
00:00:00.242531 [/Devices/acpi/0/] (level 3)
00:00:00.242532   PCIBusNo      <integer> = 0x0000000000000000 (0)
00:00:00.242533   PCIDeviceNo   <integer> = 0x0000000000000007 (7)
00:00:00.242533   PCIFunctionNo <integer> = 0x0000000000000000 (0)
00:00:00.242534   Trusted       <integer> = 0x0000000000000001 (1)
00:00:00.242534 
00:00:00.242535 [/Devices/acpi/0/Config/] (level 4)
00:00:00.242536   CpuHotPlug          <integer> = 0x0000000000000000 (0)
00:00:00.242536   FdcEnabled          <integer> = 0x0000000000000000 (0)
00:00:00.242537   HostBusPciAddress   <integer> = 0x0000000000000000 (0)
00:00:00.242538   HpetEnabled         <integer> = 0x0000000000000000 (0)
00:00:00.242538   IOAPIC              <integer> = 0x0000000000000001 (1)
00:00:00.242539   IocPciAddress       <integer> = 0x0000000000010000 (65 536)
00:00:00.242540   NumCPUs             <integer> = 0x0000000000000001 (1)
00:00:00.242540   Parallel0IoPortBase <integer> = 0x0000000000000000 (0)
00:00:00.242541   Parallel0Irq        <integer> = 0x0000000000000000 (0)
00:00:00.242542   Parallel1IoPortBase <integer> = 0x0000000000000000 (0)
00:00:00.242542   Parallel1Irq        <integer> = 0x0000000000000000 (0)
00:00:00.242543   Serial0IoPortBase   <integer> = 0x0000000000000000 (0)
00:00:00.242543   Serial0Irq          <integer> = 0x0000000000000000 (0)
00:00:00.242544   Serial1IoPortBase   <integer> = 0x0000000000000000 (0)
00:00:00.242545   Serial1Irq          <integer> = 0x0000000000000000 (0)
00:00:00.242545   ShowCpu             <integer> = 0x0000000000000001 (1)
00:00:00.242546   ShowRtc             <integer> = 0x0000000000000000 (0)
00:00:00.242547   SmcEnabled          <integer> = 0x0000000000000000 (0)
00:00:00.242547 
00:00:00.242547 [/Devices/acpi/0/LUN#0/] (level 4)
00:00:00.242548   Driver <string>  = "ACPIHost" (cb=9)
00:00:00.242549 
00:00:00.242549 [/Devices/acpi/0/LUN#0/Config/] (level 5)
00:00:00.242550 
00:00:00.242550 [/Devices/ahci/] (level 2)
00:00:00.242551 
00:00:00.242551 [/Devices/ahci/0/] (level 3)
00:00:00.242552   PCIBusNo      <integer> = 0x0000000000000000 (0)
00:00:00.242553   PCIDeviceNo   <integer> = 0x000000000000000d (13)
00:00:00.242554   PCIFunctionNo <integer> = 0x0000000000000000 (0)
00:00:00.242554   Trusted       <integer> = 0x0000000000000001 (1)
00:00:00.242555 
00:00:00.242555 [/Devices/ahci/0/Config/] (level 4)
00:00:00.242556   Bootable  <integer> = 0x0000000000000001 (1)
00:00:00.242557   PortCount <integer> = 0x000000000000001e (30)
00:00:00.242557 
00:00:00.242558 [/Devices/ahci/0/Config/Port0/] (level 5)
00:00:00.242559   Hotpluggable <integer> = 0x0000000000000000 (0)
00:00:00.242559 
00:00:00.242559 [/Devices/ahci/0/LUN#0/] (level 4)
00:00:00.242560   Driver <string>  = "VD" (cb=3)
00:00:00.242561 
00:00:00.242561 [/Devices/ahci/0/LUN#0/Config/] (level 5)
00:00:00.242562   BlockCache <integer> = 0x0000000000000001 (1)
00:00:00.242563   Format     <string>  = "VDI" (cb=4)
00:00:00.242563   Mountable  <integer> = 0x0000000000000000 (0)
00:00:00.242564   Path       <string>  = "/home/aurelien/dev/snowcrash/scripts/vm/Snowcrash/.vdi" (cb=55)
00:00:00.242565   Type       <string>  = "HardDisk" (cb=9)
00:00:00.242565   UseNewIo   <integer> = 0x0000000000000001 (1)
00:00:00.242566 
00:00:00.242566 [/Devices/ahci/0/LUN#0/Config/Plugins/] (level 6)
00:00:00.242567 
00:00:00.242567 [/Devices/ahci/0/LUN#0/Config/Plugins/VDPluginCrypt/] (level 7)
00:00:00.242569   Path <string>  = "/usr/lib/virtualbox/ExtensionPacks/Oracle_VM_VirtualBox_Extension_Pack/linux.amd64/VDPluginCrypt.so" (cb=100)
00:00:00.242569 
00:00:00.242570 [/Devices/ahci/0/LUN#999/] (level 4)
00:00:00.242571   Driver <string>  = "MainStatus" (cb=11)
00:00:00.242571 
00:00:00.242571 [/Devices/ahci/0/LUN#999/Config/] (level 5)
00:00:00.242572   DeviceInstance        <string>  = "ahci/0" (cb=7)
00:00:00.242573   First                 <integer> = 0x0000000000000000 (0)
00:00:00.242574   Last                  <integer> = 0x000000000000001d (29)
00:00:00.242575   pConsole              <integer> = 0x00007fee680013e0 (140 661 923 779 552)
00:00:00.242576   papLeds               <integer> = 0x00007fee680017d0 (140 661 923 780 560)
00:00:00.242577   pmapMediumAttachments <integer> = 0x00007fee68001bf0 (140 661 923 781 616)
00:00:00.242578 
00:00:00.242578 [/Devices/apic/] (level 2)
00:00:00.242579 
00:00:00.242580 [/Devices/apic/0/] (level 3)
00:00:00.242580   Trusted <integer> = 0x0000000000000001 (1)
00:00:00.242581 
00:00:00.242581 [/Devices/apic/0/Config/] (level 4)
00:00:00.242582   IOAPIC  <integer> = 0x0000000000000001 (1)
00:00:00.242583   Mode    <integer> = 0x0000000000000003 (3)
00:00:00.242583   NumCPUs <integer> = 0x0000000000000001 (1)
00:00:00.242584 
00:00:00.242584 [/Devices/e1000/] (level 2)
00:00:00.242585 
00:00:00.242585 [/Devices/e1000/0/] (level 3)
00:00:00.242586   PCIBusNo      <integer> = 0x0000000000000000 (0)
00:00:00.242586   PCIDeviceNo   <integer> = 0x0000000000000003 (3)
00:00:00.242587   PCIFunctionNo <integer> = 0x0000000000000000 (0)
00:00:00.242588   Trusted       <integer> = 0x0000000000000001 (1)
00:00:00.242588 
00:00:00.242588 [/Devices/e1000/0/Config/] (level 4)
00:00:00.242589   AdapterType    <integer> = 0x0000000000000000 (0)
00:00:00.242590   CableConnected <integer> = 0x0000000000000001 (1)
00:00:00.242590   LineSpeed      <integer> = 0x0000000000000000 (0)
00:00:00.242591   MAC            <bytes>   = "08 00 27 da 77 23" (cb=6)
00:00:00.242592 
00:00:00.242592 [/Devices/e1000/0/LUN#0/] (level 4)
00:00:00.242593   Driver <string>  = "IntNet" (cb=7)
00:00:00.242594 
00:00:00.242594 [/Devices/e1000/0/LUN#0/Config/] (level 5)
00:00:00.242595   IfPolicyPromisc      <string>  = "deny" (cb=5)
00:00:00.242596   IgnoreConnectFailure <integer> = 0x0000000000000000 (0)
00:00:00.242596   Network              <string>  = "HostInterfaceNetworking-wlp2s0" (cb=31)
00:00:00.242597   SharedMacOnWire      <integer> = 0x0000000000000001 (1)
00:00:00.242598   Trunk                <string>  = "wlp2s0" (cb=7)
00:00:00.242598   TrunkType            <integer> = 0x0000000000000003 (3)
00:00:00.242599 
00:00:00.242599 [/Devices/e1000/0/LUN#999/] (level 4)
00:00:00.242600   Driver <string>  = "MainStatus" (cb=11)
00:00:00.242601 
00:00:00.242601 [/Devices/e1000/0/LUN#999/Config/] (level 5)
00:00:00.242602   First   <integer> = 0x0000000000000000 (0)
00:00:00.242602   Last    <integer> = 0x0000000000000000 (0)
00:00:00.242603   papLeds <integer> = 0x00007fee68001ab0 (140 661 923 781 296)
00:00:00.242604 
00:00:00.242604 [/Devices/i8254/] (level 2)
00:00:00.242605 
00:00:00.242605 [/Devices/i8254/0/] (level 3)
00:00:00.242606 
00:00:00.242606 [/Devices/i8254/0/Config/] (level 4)
00:00:00.242607 
00:00:00.242608 [/Devices/i8259/] (level 2)
00:00:00.242608 
00:00:00.242609 [/Devices/i8259/0/] (level 3)
00:00:00.242609   Trusted <integer> = 0x0000000000000001 (1)
00:00:00.242610 
00:00:00.242610 [/Devices/i8259/0/Config/] (level 4)
00:00:00.242611 
00:00:00.242611 [/Devices/ichac97/] (level 2)
00:00:00.242612 
00:00:00.242612 [/Devices/ichac97/0/] (level 3)
00:00:00.242613   PCIBusNo      <integer> = 0x0000000000000000 (0)
00:00:00.242614   PCIDeviceNo   <integer> = 0x0000000000000005 (5)
00:00:00.242614   PCIFunctionNo <integer> = 0x0000000000000000 (0)
00:00:00.242615   Trusted       <integer> = 0x0000000000000001 (1)
00:00:00.242615 
00:00:00.242616 [/Devices/ichac97/0/AudioConfig/] (level 4)
00:00:00.242616 
00:00:00.242617 [/Devices/ichac97/0/Config/] (level 4)
00:00:00.242618   Codec        <string>  = "STAC9700" (cb=9)
00:00:00.242618   DebugEnabled <integer> = 0x0000000000000000 (0)
00:00:00.242619   DebugPathOut <string>  = "" (cb=1)
00:00:00.242619 
00:00:00.242619 [/Devices/ichac97/0/LUN#0/] (level 4)
00:00:00.242620   Driver <string>  = "AUDIO" (cb=6)
00:00:00.242621 
00:00:00.242621 [/Devices/ichac97/0/LUN#0/AttachedDriver/] (level 5)
00:00:00.242622   Driver <string>  = "PulseAudio" (cb=11)
00:00:00.242623 
00:00:00.242623 [/Devices/ichac97/0/LUN#0/AttachedDriver/Config/] (level 6)
00:00:00.242624   StreamName <string>  = "Snowcrash" (cb=10)
00:00:00.242624 
00:00:00.242625 [/Devices/ichac97/0/LUN#0/Config/] (level 5)
00:00:00.242626   BufferSizeMs    <integer> = 0x0000000000000000 (0)
00:00:00.242626   DriverName      <string>  = "PulseAudio" (cb=11)
00:00:00.242627   InputEnabled    <integer> = 0x0000000000000000 (0)
00:00:00.242628   OutputEnabled   <integer> = 0x0000000000000000 (0)
00:00:00.242628   PeriodSizeMs    <integer> = 0x0000000000000000 (0)
00:00:00.242629   PreBufferSizeMs <integer> = 0x00000000ffffffff (4 294 967 295)
00:00:00.242630 
00:00:00.242630 [/Devices/ichac97/0/LUN#1/] (level 4)
00:00:00.242631   Driver <string>  = "AUDIO" (cb=6)
00:00:00.242631 
00:00:00.242632 [/Devices/ioapic/] (level 2)
00:00:00.242632 
00:00:00.242633 [/Devices/ioapic/0/] (level 3)
00:00:00.242633   Trusted <integer> = 0x0000000000000001 (1)
00:00:00.242634 
00:00:00.242634 [/Devices/ioapic/0/Config/] (level 4)
00:00:00.242635   NumCPUs <integer> = 0x0000000000000001 (1)
00:00:00.242636 
00:00:00.242636 [/Devices/mc146818/] (level 2)
00:00:00.242637 
00:00:00.242637 [/Devices/mc146818/0/] (level 3)
00:00:00.242638 
00:00:00.242638 [/Devices/mc146818/0/Config/] (level 4)
00:00:00.242639   UseUTC <integer> = 0x0000000000000000 (0)
00:00:00.242639 
00:00:00.242640 [/Devices/parallel/] (level 2)
00:00:00.242640 
00:00:00.242641 [/Devices/pcarch/] (level 2)
00:00:00.242641 
00:00:00.242642 [/Devices/pcarch/0/] (level 3)
00:00:00.242642   Trusted <integer> = 0x0000000000000001 (1)
00:00:00.242643 
00:00:00.242643 [/Devices/pcarch/0/Config/] (level 4)
00:00:00.242644 
00:00:00.242644 [/Devices/pcbios/] (level 2)
00:00:00.242645 
00:00:00.242645 [/Devices/pcbios/0/] (level 3)
00:00:00.242646   Trusted <integer> = 0x0000000000000001 (1)
00:00:00.242647 
00:00:00.242647 [/Devices/pcbios/0/Config/] (level 4)
00:00:00.242648   APIC               <integer> = 0x0000000000000001 (1)
00:00:00.242649   BootDevice0        <string>  = "DVD" (cb=4)
00:00:00.242649   BootDevice1        <string>  = "IDE" (cb=4)
00:00:00.242650   BootDevice2        <string>  = "NONE" (cb=5)
00:00:00.242651   BootDevice3        <string>  = "NONE" (cb=5)
00:00:00.242651   FloppyDevice       <string>  = "i82078" (cb=7)
00:00:00.242652   HardDiskDevice     <string>  = "piix3ide" (cb=9)
00:00:00.242652   IOAPIC             <integer> = 0x0000000000000001 (1)
00:00:00.242653   LanBootRom         <string>  = "/usr/lib/virtualbox/ExtensionPacks/Oracle_VM_VirtualBox_Extension_Pack/PXE-Intel.rom" (cb=85)
00:00:00.242654   McfgBase           <integer> = 0x0000000000000000 (0)
00:00:00.242654   McfgLength         <integer> = 0x0000000000000000 (0)
00:00:00.242655   NumCPUs            <integer> = 0x0000000000000001 (1)
00:00:00.242655   PXEDebug           <integer> = 0x0000000000000000 (0)
00:00:00.242656   SataHardDiskDevice <string>  = "ahci" (cb=5)
00:00:00.242656   SataLUN1           <integer> = 0x0000000000000000 (0)
00:00:00.242657   UUID               <bytes>   = "c8 14 46 e6 a3 d4 e6 41 b8 ec b9 c5 db 3d 86 e7" (cb=16)
00:00:00.242659 
00:00:00.242659 [/Devices/pcbios/0/Config/NetBoot/] (level 5)
00:00:00.242660 
00:00:00.242661 [/Devices/pcbios/0/Config/NetBoot/0/] (level 6)
00:00:00.242662   NIC           <integer> = 0x0000000000000000 (0)
00:00:00.242662   PCIBusNo      <integer> = 0x0000000000000000 (0)
00:00:00.242663   PCIDeviceNo   <integer> = 0x0000000000000003 (3)
00:00:00.242664   PCIFunctionNo <integer> = 0x0000000000000000 (0)
00:00:00.242664 
00:00:00.242665 [/Devices/pci/] (level 2)
00:00:00.242665 
00:00:00.242666 [/Devices/pci/0/] (level 3)
00:00:00.242666   Trusted <integer> = 0x0000000000000001 (1)
00:00:00.242667 
00:00:00.242667 [/Devices/pci/0/Config/] (level 4)
00:00:00.242668   IOAPIC <integer> = 0x0000000000000001 (1)
00:00:00.242669 
00:00:00.242669 [/Devices/pcibridge/] (level 2)
00:00:00.242670 
00:00:00.242670 [/Devices/pckbd/] (level 2)
00:00:00.242671 
00:00:00.242671 [/Devices/pckbd/0/] (level 3)
00:00:00.242672   Trusted <integer> = 0x0000000000000001 (1)
00:00:00.242672 
00:00:00.242672 [/Devices/pckbd/0/Config/] (level 4)
00:00:00.242673 
00:00:00.242674 [/Devices/pckbd/0/LUN#0/] (level 4)
00:00:00.242674   Driver <string>  = "KeyboardQueue" (cb=14)
00:00:00.242675 
00:00:00.242675 [/Devices/pckbd/0/LUN#0/AttachedDriver/] (level 5)
00:00:00.242676   Driver <string>  = "MainKeyboard" (cb=13)
00:00:00.242677 
00:00:00.242677 [/Devices/pckbd/0/LUN#0/AttachedDriver/Config/] (level 6)
00:00:00.242678   Object <integer> = 0x000055c74e5411a0 (94 314 500 985 248)
00:00:00.242679 
00:00:00.242679 [/Devices/pckbd/0/LUN#0/Config/] (level 5)
00:00:00.242680   QueueSize <integer> = 0x0000000000000040 (64)
00:00:00.242681 
00:00:00.242681 [/Devices/pckbd/0/LUN#1/] (level 4)
00:00:00.242682   Driver <string>  = "MouseQueue" (cb=11)
00:00:00.242683 
00:00:00.242683 [/Devices/pckbd/0/LUN#1/AttachedDriver/] (level 5)
00:00:00.242684   Driver <string>  = "MainMouse" (cb=10)
00:00:00.242684 
00:00:00.242685 [/Devices/pckbd/0/LUN#1/AttachedDriver/Config/] (level 6)
00:00:00.242686   Object <integer> = 0x00007fee68003040 (140 661 923 786 816)
00:00:00.242687 
00:00:00.242687 [/Devices/pckbd/0/LUN#1/Config/] (level 5)
00:00:00.242688   QueueSize <integer> = 0x0000000000000080 (128)
00:00:00.242689 
00:00:00.242689 [/Devices/pcnet/] (level 2)
00:00:00.242690 
00:00:00.242690 [/Devices/piix3ide/] (level 2)
00:00:00.242691 
00:00:00.242691 [/Devices/piix3ide/0/] (level 3)
00:00:00.242692   PCIBusNo      <integer> = 0x0000000000000000 (0)
00:00:00.242693   PCIDeviceNo   <integer> = 0x0000000000000001 (1)
00:00:00.242693   PCIFunctionNo <integer> = 0x0000000000000001 (1)
00:00:00.242694   Trusted       <integer> = 0x0000000000000001 (1)
00:00:00.242694 
00:00:00.242695 [/Devices/piix3ide/0/Config/] (level 4)
00:00:00.242695   Type <string>  = "PIIX4" (cb=6)
00:00:00.242696 
00:00:00.242696 [/Devices/piix3ide/0/LUN#2/] (level 4)
00:00:00.242697   Driver <string>  = "VD" (cb=3)
00:00:00.242698 
00:00:00.242698 [/Devices/piix3ide/0/LUN#2/Config/] (level 5)
00:00:00.242699   Format    <string>  = "RAW" (cb=4)
00:00:00.242700   Mountable <integer> = 0x0000000000000001 (1)
00:00:00.242700   Path      <string>  = "/home/aurelien/dev/snowcrash/scripts/vm/SnowCrash.iso" (cb=54)
00:00:00.242701   ReadOnly  <integer> = 0x0000000000000001 (1)
00:00:00.242702   Type      <string>  = "DVD" (cb=4)
00:00:00.242702 
00:00:00.242702 [/Devices/piix3ide/0/LUN#2/Config/Plugins/] (level 6)
00:00:00.242703 
00:00:00.242704 [/Devices/piix3ide/0/LUN#2/Config/Plugins/VDPluginCrypt/] (level 7)
00:00:00.242705   Path <string>  = "/usr/lib/virtualbox/ExtensionPacks/Oracle_VM_VirtualBox_Extension_Pack/linux.amd64/VDPluginCrypt.so" (cb=100)
00:00:00.242706 
00:00:00.242706 [/Devices/piix3ide/0/LUN#999/] (level 4)
00:00:00.242707   Driver <string>  = "MainStatus" (cb=11)
00:00:00.242707 
00:00:00.242708 [/Devices/piix3ide/0/LUN#999/Config/] (level 5)
00:00:00.242709   DeviceInstance        <string>  = "piix3ide/0" (cb=11)
00:00:00.242709   First                 <integer> = 0x0000000000000000 (0)
00:00:00.242710   Last                  <integer> = 0x0000000000000003 (3)
00:00:00.242711   pConsole              <integer> = 0x00007fee680013e0 (140 661 923 779 552)
00:00:00.242712   papLeds               <integer> = 0x00007fee680017b0 (140 661 923 780 528)
00:00:00.242713   pmapMediumAttachments <integer> = 0x00007fee68001bf0 (140 661 923 781 616)
00:00:00.242714 
00:00:00.242715 [/Devices/serial/] (level 2)
00:00:00.242715 
00:00:00.242716 [/Devices/vga/] (level 2)
00:00:00.242716 
00:00:00.242717 [/Devices/vga/0/] (level 3)
00:00:00.242717   PCIBusNo      <integer> = 0x0000000000000000 (0)
00:00:00.242718   PCIDeviceNo   <integer> = 0x0000000000000002 (2)
00:00:00.242718   PCIFunctionNo <integer> = 0x0000000000000000 (0)
00:00:00.242719   Trusted       <integer> = 0x0000000000000001 (1)
00:00:00.242720 
00:00:00.242720 [/Devices/vga/0/Config/] (level 4)
00:00:00.242721   CustomVideoModes <integer> = 0x0000000000000000 (0)
00:00:00.242721   FadeIn           <integer> = 0x0000000000000001 (1)
00:00:00.242722   FadeOut          <integer> = 0x0000000000000001 (1)
00:00:00.242723   HeightReduction  <integer> = 0x0000000000000000 (0)
00:00:00.242723   LogoFile         <string>  = "" (cb=1)
00:00:00.242724   LogoTime         <integer> = 0x0000000000000000 (0)
00:00:00.242724   MonitorCount     <integer> = 0x0000000000000001 (1)
00:00:00.242725   ShowBootMenu     <integer> = 0x0000000000000002 (2)
00:00:00.242725   VRamSize         <integer> = 0x0000000008000000 (134 217 728, 128 MB)
00:00:00.242727 
00:00:00.242727 [/Devices/vga/0/LUN#0/] (level 4)
00:00:00.242728   Driver <string>  = "MainDisplay" (cb=12)
00:00:00.242728 
00:00:00.242729 [/Devices/vga/0/LUN#0/Config/] (level 5)
00:00:00.242730   Object <integer> = 0x00007fee68003b80 (140 661 923 789 696)
00:00:00.242731 
00:00:00.242731 [/Devices/vga/0/LUN#999/] (level 4)
00:00:00.242732   Driver <string>  = "MainStatus" (cb=11)
00:00:00.242732 
00:00:00.242733 [/Devices/vga/0/LUN#999/Config/] (level 5)
00:00:00.242734   First   <integer> = 0x0000000000000000 (0)
00:00:00.242734   Last    <integer> = 0x0000000000000000 (0)
00:00:00.242735   papLeds <integer> = 0x00007fee68001be8 (140 661 923 781 608)
00:00:00.242736 
00:00:00.242736 [/Devices/virtio-net/] (level 2)
00:00:00.242737 
00:00:00.242737 [/EM/] (level 1)
00:00:00.242738   TripleFaultReset <integer> = 0x0000000000000000 (0)
00:00:00.242738 
00:00:00.242739 [/GIM/] (level 1)
00:00:00.242739   Provider <string>  = "KVM" (cb=4)
00:00:00.242740 
00:00:00.242740 [/HM/] (level 1)
00:00:00.242741   64bitEnabled       <integer> = 0x0000000000000001 (1)
00:00:00.242742   EnableLargePages   <integer> = 0x0000000000000000 (0)
00:00:00.242742   EnableNestedPaging <integer> = 0x0000000000000001 (1)
00:00:00.242743   EnableUX           <integer> = 0x0000000000000001 (1)
00:00:00.242744   EnableVPID         <integer> = 0x0000000000000001 (1)
00:00:00.242744   Exclusive          <integer> = 0x0000000000000001 (1)
00:00:00.242745   HMForced           <integer> = 0x0000000000000001 (1)
00:00:00.242746   IBPBOnVMEntry      <integer> = 0x0000000000000000 (0)
00:00:00.242746   IBPBOnVMExit       <integer> = 0x0000000000000000 (0)
00:00:00.242747   L1DFlushOnSched    <integer> = 0x0000000000000001 (1)
00:00:00.242747   L1DFlushOnVMEntry  <integer> = 0x0000000000000000 (0)
00:00:00.242748   MDSClearOnSched    <integer> = 0x0000000000000001 (1)
00:00:00.242748   MDSClearOnVMEntry  <integer> = 0x0000000000000000 (0)
00:00:00.242749   SpecCtrlByHost     <integer> = 0x0000000000000000 (0)
00:00:00.242750 
00:00:00.242750 [/MM/] (level 1)
00:00:00.242750   CanUseLargerHeap <integer> = 0x0000000000000000 (0)
00:00:00.242751 
00:00:00.242751 [/PDM/] (level 1)
00:00:00.242752 
00:00:00.242752 [/PDM/AsyncCompletion/] (level 2)
00:00:00.242753 
00:00:00.242753 [/PDM/AsyncCompletion/File/] (level 3)
00:00:00.242754 
00:00:00.242754 [/PDM/AsyncCompletion/File/BwGroups/] (level 4)
00:00:00.242755 
00:00:00.242756 [/PDM/BlkCache/] (level 2)
00:00:00.242756   CacheSize <integer> = 0x0000000000500000 (5 242 880, 5 MB)
00:00:00.242757 
00:00:00.242758 [/PDM/Devices/] (level 2)
00:00:00.242759 
00:00:00.242759 [/PDM/Devices/VBoxEhci/] (level 3)
00:00:00.242760   Path         <string>  = "/usr/lib/virtualbox/ExtensionPacks/Oracle_VM_VirtualBox_Extension_Pack/linux.amd64/VBoxEhciR3.so" (cb=97)
00:00:00.242760   R0SearchPath <string>  = "/usr/lib/virtualbox/ExtensionPacks/Oracle_VM_VirtualBox_Extension_Pack/linux.amd64" (cb=83)
00:00:00.242761   RCSearchPath <string>  = "/usr/lib/virtualbox/ExtensionPacks/Oracle_VM_VirtualBox_Extension_Pack/linux.amd64" (cb=83)
00:00:00.242762 
00:00:00.242762 [/PDM/Devices/VBoxNvme/] (level 3)
00:00:00.242763   Path         <string>  = "/usr/lib/virtualbox/ExtensionPacks/Oracle_VM_VirtualBox_Extension_Pack/linux.amd64/VBoxNvmeR3.so" (cb=97)
00:00:00.242763   R0SearchPath <string>  = "/usr/lib/virtualbox/ExtensionPacks/Oracle_VM_VirtualBox_Extension_Pack/linux.amd64" (cb=83)
00:00:00.242764   RCSearchPath <string>  = "/usr/lib/virtualbox/ExtensionPacks/Oracle_VM_VirtualBox_Extension_Pack/linux.amd64" (cb=83)
00:00:00.242764 
00:00:00.242765 [/PDM/Devices/VBoxPciRaw/] (level 3)
00:00:00.242766   Path         <string>  = "/usr/lib/virtualbox/ExtensionPacks/Oracle_VM_VirtualBox_Extension_Pack/linux.amd64/VBoxPciRawR3.so" (cb=99)
00:00:00.242766   R0SearchPath <string>  = "/usr/lib/virtualbox/ExtensionPacks/Oracle_VM_VirtualBox_Extension_Pack/linux.amd64" (cb=83)
00:00:00.242767 
00:00:00.242767 [/PDM/Drivers/] (level 2)
00:00:00.242768 
00:00:00.242768 [/PDM/Drivers/DrvHostWebcam/] (level 3)
00:00:00.242769   Path <string>  = "/usr/lib/virtualbox/ExtensionPacks/Oracle_VM_VirtualBox_Extension_Pack/linux.amd64/VBoxHostWebcam.so" (cb=101)
00:00:00.242770 
00:00:00.242770 [/PDM/Drivers/VBoxC/] (level 3)
00:00:00.242771   Path <string>  = "/usr/lib/virtualbox/components/VBoxC" (cb=37)
00:00:00.242771 
00:00:00.242771 [/PDM/Drivers/VBoxPciRawDrv/] (level 3)
00:00:00.242772   Path <string>  = "/usr/lib/virtualbox/ExtensionPacks/Oracle_VM_VirtualBox_Extension_Pack/linux.amd64/VBoxPciRawDrv.so" (cb=100)
00:00:00.242773 
00:00:00.242773 [/PDM/NetworkShaper/] (level 2)
00:00:00.242774 
00:00:00.242774 [/PDM/NetworkShaper/BwGroups/] (level 3)
00:00:00.242775 
00:00:00.242775 [/PDM/USB/] (level 2)
00:00:00.242776 
00:00:00.242776 [/PDM/USB/VBoxUsbCardReader/] (level 3)
00:00:00.242777   Path <string>  = "/usr/lib/virtualbox/ExtensionPacks/Oracle_VM_VirtualBox_Extension_Pack/linux.amd64/VBoxUsbCardReaderR3.so" (cb=106)
00:00:00.242778 
00:00:00.242778 [/PDM/USB/VBoxUsbWebcam/] (level 3)
00:00:00.242779   Path <string>  = "/usr/lib/virtualbox/ExtensionPacks/Oracle_VM_VirtualBox_Extension_Pack/linux.amd64/VBoxUsbWebcamR3.so" (cb=102)
00:00:00.242780 
00:00:00.242780 [/TM/] (level 1)
00:00:00.242781   UTCOffset <integer> = 0x0000000000000000 (0)
00:00:00.242781 
00:00:00.242782 ********************* End of CFGM dump **********************
00:00:00.242793 VM: fHMEnabled=true  (configured) fRecompileUser=false fRecompileSupervisor=false
00:00:00.242795 VM: fRawRing1Enabled=false CSAM=true  PATM=true 
00:00:00.242901 HM: HMR3Init: VT-x w/ nested paging and unrestricted guest execution hw support
00:00:00.242940 MM: cbHyperHeap=0x100000 (1048576)
00:00:00.243617 CPUM: fXStateHostMask=0x7; initial: 0x7; host XCR0=0x1f
00:00:00.244615 CPUM: Matched host CPU INTEL 0x6/0x9e/0x9 Intel_Core7_KabyLake with CPU DB entry 'Intel Core i7-6700K' (INTEL 0x6/0x5e/0x3 Intel_Core7_Skylake)
00:00:00.244685 CPUM: MXCSR_MASK=0xffff (host: 0xffff)
00:00:00.244703 CPUM: Microcode revision 0x000000D6
00:00:00.244709 CPUM: Changing leaf 13[0]: EBX=0x440 -> 0x340, ECX=0x440 -> 0x340
00:00:00.244719 CPUM: MSR/CPUID reconciliation insert: 0x0000010b IA32_FLUSH_CMD
00:00:00.244745 CPUM: SetGuestCpuIdFeature: Enabled PAE
00:00:00.245008 PGM: HCPhysInterPD=0000000029aef000 HCPhysInterPaePDPT=0000000029aec000 HCPhysInterPaePML4=0000000029aea000
00:00:00.245031 PGM: apInterPTs={0000000029aee000,0000000029aed000} apInterPaePTs={000000030613f000,000000016ef32000} apInterPaePDs={00000001577e5000,00000001654c7000,00000001666d7000,000000014d5e9000} pInterPaePDPT64=0000000029aeb000
00:00:00.245038 PGM: Host paging mode: AMD64+PGE+NX
00:00:00.245047 PGM: PGMPool: cMaxPages=560 (u64MaxPages=545)
00:00:00.245050 PGM: pgmR3PoolInit: cMaxPages=0x230 cMaxUsers=0x460 cMaxPhysExts=0x460 fCacheEnable=true 
00:00:00.252419 TM: GIP - u32Mode=3 (Invariant) u32UpdateHz=83 u32UpdateIntervalNS=12000000 enmUseTscDelta=2 (Pratically Zero) fGetGipCpu=0xb cCpus=8
00:00:00.252456 TM: GIP - u64CpuHz=2 807 999 085 (0xa75eaa6d)  SUPGetCpuHzFromGip => 2 807 999 085
00:00:00.252484 TM: GIP - CPU: iCpuSet=0x0 idCpu=0x0 idApic=0x0 iGipCpu=0x4 i64TSCDelta=0 enmState=3 u64CpuHz=2807999078(*) cErrors=0
00:00:00.252488 TM: GIP - CPU: iCpuSet=0x1 idCpu=0x1 idApic=0x2 iGipCpu=0x2 i64TSCDelta=0 enmState=3 u64CpuHz=2807999826(*) cErrors=0
00:00:00.252491 TM: GIP - CPU: iCpuSet=0x2 idCpu=0x2 idApic=0x4 iGipCpu=0x3 i64TSCDelta=0 enmState=3 u64CpuHz=2807998195(*) cErrors=0
00:00:00.252494 TM: GIP - CPU: iCpuSet=0x3 idCpu=0x3 idApic=0x6 iGipCpu=0x5 i64TSCDelta=0 enmState=3 u64CpuHz=2807999122(*) cErrors=0
00:00:00.252497 TM: GIP - CPU: iCpuSet=0x4 idCpu=0x4 idApic=0x1 iGipCpu=0x6 i64TSCDelta=0 enmState=3 u64CpuHz=2807999060(*) cErrors=0
00:00:00.252500 TM: GIP - CPU: iCpuSet=0x5 idCpu=0x5 idApic=0x3 iGipCpu=0x1 i64TSCDelta=0 enmState=3 u64CpuHz=2807996049(*) cErrors=0
00:00:00.252503 TM: GIP - CPU: iCpuSet=0x6 idCpu=0x6 idApic=0x5 iGipCpu=0x0 i64TSCDelta=0 enmState=3 u64CpuHz=2807999085(*) cErrors=0
00:00:00.252506 TM: GIP - CPU: iCpuSet=0x7 idCpu=0x7 idApic=0x7 iGipCpu=0x7 i64TSCDelta=0 enmState=3 u64CpuHz=2807999102(*) cErrors=0
00:00:00.252618 TM: cTSCTicksPerSecond=2 807 999 085 (0xa75eaa6d) enmTSCMode=3 (Dynamic)
00:00:00.252621 TM: TSCTiedToExecution=false TSCNotTiedToHalt=false
00:00:00.252979 VMM: CoreCode: R3=00007fee80a9d000 R0=XXXXXXXXXXXXXXXX RC=a055b000 Phys=0000000029a05000 cb=0x1000
00:00:00.253083 IEM: TargetCpu=CURRENT, Microarch=Intel_Core7_KabyLake
00:00:00.253146 GIM: Using provider 'KVM' (Implementation version: 0)
00:00:00.253153 CPUM: SetGuestCpuIdFeature: Enabled Hypervisor Present bit
00:00:00.296047 AIOMgr: Default manager type is 'Async'
00:00:00.296069 AIOMgr: Default file backend is 'NonBuffered'
00:00:00.296274 BlkCache: Cache successfully initialized. Cache size is 5242880 bytes
00:00:00.296283 BlkCache: Cache commit interval is 10000 ms
00:00:00.296285 BlkCache: Cache commit threshold is 2621440 bytes
00:00:00.298674 PcBios: [SMP] BIOS with 1 CPUs
00:00:00.298703 PcBios: Using the 386+ BIOS image.
00:00:00.298797 PcBios: MPS table at 000e1300
00:00:00.299291 PcBios: Using LAN ROM '/usr/lib/virtualbox/ExtensionPacks/Oracle_VM_VirtualBox_Extension_Pack/PXE-Intel.rom' with a size of 0xc000 bytes
00:00:00.299420 PcBios: fCheckShutdownStatusForSoftReset=true   fClearShutdownStatusOnHardReset=true 
00:00:00.303855 SUP: Loaded VBoxDDR0.r0 (/usr/lib/virtualbox/VBoxDDR0.r0) at 0xXXXXXXXXXXXXXXXX - ModuleInit at XXXXXXXXXXXXXXXX and ModuleTerm at XXXXXXXXXXXXXXXX
00:00:00.304000 CPUM: SetGuestCpuIdFeature: Enabled xAPIC
00:00:00.304000 CPUM: SetGuestCpuIdFeature: Enabled x2APIC
00:00:00.304000 IOAPIC: Using implementation 2.0!
00:00:00.304000 PIT: mode=3 count=0x10000 (65536) - 18.20 Hz (ch=0)
00:00:00.304000 Shared Folders service loaded
00:00:00.335785 VGA: Using the 386+ BIOS image.
00:00:00.336226 VD: VDInit finished with VINF_SUCCESS
00:00:00.338361 DrvVD: Flushes will be ignored
00:00:00.338379 DrvVD: Async flushes will be passed to the disk
00:00:00.341095 AIOMgr: Endpoint for file '/home/aurelien/dev/snowcrash/scripts/vm/Snowcrash/.vdi' (flags 000c0723) created successfully
00:00:00.344490 VD: Opening the disk took 3626052 ns
00:00:00.344605 AHCI: LUN#0: disk, PCHS=4063/16/63, total number of sectors 4096000
00:00:00.344826 AHCI: Port1: No driver attached
00:00:00.344849 AHCI: Port2: No driver attached
00:00:00.344854 AHCI: Port3: No driver attached
00:00:00.344872 AHCI: Port4: No driver attached
00:00:00.344876 AHCI: Port5: No driver attached
00:00:00.344879 AHCI: Port6: No driver attached
00:00:00.344886 AHCI: Port7: No driver attached
00:00:00.344890 AHCI: Port8: No driver attached
00:00:00.344893 AHCI: Port9: No driver attached
00:00:00.344897 AHCI: Port10: No driver attached
00:00:00.344901 AHCI: Port11: No driver attached
00:00:00.344905 AHCI: Port12: No driver attached
00:00:00.344909 AHCI: Port13: No driver attached
00:00:00.344913 AHCI: Port14: No driver attached
00:00:00.344919 AHCI: Port15: No driver attached
00:00:00.344922 AHCI: Port16: No driver attached
00:00:00.344942 AHCI: Port17: No driver attached
00:00:00.344945 AHCI: Port18: No driver attached
00:00:00.344948 AHCI: Port19: No driver attached
00:00:00.344951 AHCI: Port20: No driver attached
00:00:00.344955 AHCI: Port21: No driver attached
00:00:00.344959 AHCI: Port22: No driver attached
00:00:00.344963 AHCI: Port23: No driver attached
00:00:00.344966 AHCI: Port24: No driver attached
00:00:00.344970 AHCI: Port25: No driver attached
00:00:00.344973 AHCI: Port26: No driver attached
00:00:00.344976 AHCI: Port27: No driver attached
00:00:00.344979 AHCI: Port28: No driver attached
00:00:00.344983 AHCI: Port29: No driver attached
00:00:00.345021 AHCI#0: Reset the HBA
00:00:00.345027 VD#0: Cancelling all active requests
00:00:00.345262 PIIX3 ATA: LUN#0: no unit
00:00:00.345274 PIIX3 ATA: LUN#1: no unit
00:00:00.345331 DrvVD: Flushes will be ignored
00:00:00.345336 DrvVD: Async flushes will be passed to the disk
00:00:00.345371 VD: Opening the disk took 29667 ns
00:00:00.345436 PIIX3 ATA: LUN#2: CD/DVD, total number of sectors 184832, passthrough disabled
00:00:00.345443 PIIX3 ATA: LUN#3: no unit
00:00:00.345460 PIIX3 ATA: Ctl#0: finished processing RESET
00:00:00.345478 PIIX3 ATA: Ctl#1: finished processing RESET
00:00:00.345522 E1000#0 Chip=82540EM LinkUpDelay=3000ms EthernetCRC=on GSO=enabled Itr=disabled ItrRx=enabled TID=disabled R0=enabled GC=enabled
00:00:00.345599 IntNet#0: szNetwork={HostInterfaceNetworking-wlp2s0} enmTrunkType=3 szTrunk={wlp2s0} fFlags=0x8001 cbRecv=325632 cbSend=196608 fIgnoreConnectFailure=false
00:00:00.347506 AC97: Using codec 'STAC9700'
00:00:00.347560 Audio: Initializing PulseAudio driver
00:00:00.349453 PulseAudio: Using v11.1.0
00:00:00.351258 PulseAudio: Retrieving server information ...
00:00:00.351741 AC97: Reset
00:00:00.351753 AC97: Mixer reset (EAID=0x809, EACS=0x9)
00:00:00.351757 AC97: Record select to left=Microphone In, right=Microphone In
00:00:00.352001 PGM: The CPU physical address width is 39 bits
00:00:00.352001 PGM: PGMR3InitFinalize: 4 MB PSE mask 0000007fffffffff
00:00:00.352001 TM: TMR3InitFinalize: fTSCModeSwitchAllowed=true 
00:00:00.352001 VMM: Enabled thread-context hooks
00:00:00.352001 HM: fWorldSwitcher=0x0 (fIbpbOnVmExit=false fIbpbOnVmEntry=false fL1dFlushOnVmEntry=false); fL1dFlushOnSched=true  fMdsClearOnVmEntry=false
00:00:00.352001 HM: Using VT-x implementation 2.0
00:00:00.352001 HM: Host CR4                        = 0x3606e0
00:00:00.352001 HM: Host EFER                       = 0xd01
00:00:00.352001 HM: MSR_IA32_SMM_MONITOR_CTL        = 0x0
00:00:00.352001 HM: MSR_IA32_FEATURE_CONTROL        = 0x5
00:00:00.352001 HM: MSR_IA32_VMX_BASIC_INFO         = 0xda040000000004
00:00:00.352001 HM:   VMCS id                         = 0x4
00:00:00.352001 HM:   VMCS size                       = 1024 bytes
00:00:00.352001 HM:   VMCS physical address limit     = None
00:00:00.352001 HM:   VMCS memory type                = 0x6
00:00:00.352001 HM:   Dual-monitor treatment support  = true 
00:00:00.352001 HM:   OUTS & INS instruction-info     = true 
00:00:00.352001 HM:   Supports true capability MSRs   = true 
00:00:00.352001 HM: Max resume loops                = 8192
00:00:00.352001 HM: MSR_IA32_VMX_PINBASED_CTLS      = 0x7f00000016
00:00:00.352001 HM:   EXT_INT_EXIT
00:00:00.352001 HM:   NMI_EXIT
00:00:00.352001 HM:   VIRTUAL_NMI
00:00:00.352001 HM:   PREEMPT_TIMER
00:00:00.352001 HM:   POSTED_INTR (must be cleared)
00:00:00.352001 HM: MSR_IA32_VMX_PROCBASED_CTLS     = 0xfff9fffe0401e172
00:00:00.352001 HM:   INT_WINDOW_EXIT
00:00:00.352001 HM:   USE_TSC_OFFSETTING
00:00:00.352001 HM:   HLT_EXIT
00:00:00.352001 HM:   INVLPG_EXIT
00:00:00.352001 HM:   MWAIT_EXIT
00:00:00.352001 HM:   RDPMC_EXIT
00:00:00.352001 HM:   RDTSC_EXIT
00:00:00.352001 HM:   CR3_LOAD_EXIT (must be set)
00:00:00.352001 HM:   CR3_STORE_EXIT (must be set)
00:00:00.352001 HM:   CR8_LOAD_EXIT
00:00:00.352001 HM:   CR8_STORE_EXIT
00:00:00.352001 HM:   USE_TPR_SHADOW
00:00:00.352001 HM:   NMI_WINDOW_EXIT
00:00:00.352001 HM:   MOV_DR_EXIT
00:00:00.352001 HM:   UNCOND_IO_EXIT
00:00:00.352001 HM:   USE_IO_BITMAPS
00:00:00.352001 HM:   MONITOR_TRAP_FLAG
00:00:00.352001 HM:   USE_MSR_BITMAPS
00:00:00.352001 HM:   MONITOR_EXIT
00:00:00.352001 HM:   PAUSE_EXIT
00:00:00.352001 HM:   USE_SECONDARY_EXEC_CTRL
00:00:00.352001 HM: MSR_IA32_VMX_PROCBASED_CTLS2    = 0x5fbcff00000000
00:00:00.352001 HM:   VIRT_APIC
00:00:00.352001 HM:   EPT
00:00:00.352001 HM:   DESCRIPTOR_TABLE_EXIT
00:00:00.352001 HM:   RDTSCP
00:00:00.352001 HM:   VIRT_X2APIC
00:00:00.352001 HM:   VPID
00:00:00.352001 HM:   WBINVD_EXIT
00:00:00.352001 HM:   UNRESTRICTED_GUEST
00:00:00.352001 HM:   APIC_REG_VIRT (must be cleared)
00:00:00.352001 HM:   VIRT_INTR_DELIVERY (must be cleared)
00:00:00.352001 HM:   PAUSE_LOOP_EXIT
00:00:00.352001 HM:   RDRAND_EXIT
00:00:00.352001 HM:   INVPCID
00:00:00.352001 HM:   VMFUNC
00:00:00.352001 HM:   VMCS_SHADOWING (must be cleared)
00:00:00.352001 HM:   ENCLS_EXIT
00:00:00.352001 HM:   RDSEED_EXIT
00:00:00.352001 HM:   PML
00:00:00.352001 HM:   EPT_VE
00:00:00.352001 HM:   CONCEAL_FROM_PT
00:00:00.352001 HM:   XSAVES_XRSTORS
00:00:00.352001 HM:   TSC_SCALING (must be cleared)
00:00:00.352001 HM: MSR_IA32_VMX_ENTRY_CTLS         = 0x3ffff000011ff
00:00:00.352001 HM:   LOAD_DEBUG (must be set)
00:00:00.352001 HM:   IA32E_MODE_GUEST
00:00:00.352001 HM:   ENTRY_SMM
00:00:00.352001 HM:   DEACTIVATE_DUALMON
00:00:00.352001 HM:   LOAD_GUEST_PERF_MSR
00:00:00.352001 HM:   LOAD_GUEST_PAT_MSR
00:00:00.352001 HM:   LOAD_GUEST_EFER_MSR
00:00:00.352001 HM: MSR_IA32_VMX_EXIT_CTLS          = 0x1ffffff00036dff
00:00:00.352001 HM:   SAVE_DEBUG (must be set)
00:00:00.352001 HM:   HOST_ADDR_SPACE_SIZE
00:00:00.352001 HM:   LOAD_PERF_MSR
00:00:00.352001 HM:   ACK_EXT_INT
00:00:00.352001 HM:   SAVE_GUEST_PAT_MSR
00:00:00.352001 HM:   LOAD_HOST_PAT_MSR
00:00:00.352001 HM:   SAVE_GUEST_EFER_MSR
00:00:00.352001 HM:   LOAD_HOST_EFER_MSR
00:00:00.352001 HM:   SAVE_VMX_PREEMPT_TIMER
00:00:00.352001 HM: MSR_IA32_VMX_EPT_VPID_CAP       = 0xf0106734141
00:00:00.352001 HM:   RWX_X_ONLY
00:00:00.352001 HM:   PAGE_WALK_LENGTH_4
00:00:00.352001 HM:   EMT_UC
00:00:00.352001 HM:   EMT_WB
00:00:00.352001 HM:   PDE_2M
00:00:00.352001 HM:   PDPTE_1G
00:00:00.352001 HM:   INVEPT
00:00:00.352001 HM:   EPT_ACCESS_DIRTY
00:00:00.352001 HM:   INVEPT_SINGLE_CONTEXT
00:00:00.352001 HM:   INVEPT_ALL_CONTEXTS
00:00:00.352001 HM:   INVVPID
00:00:00.352001 HM:   INVVPID_INDIV_ADDR
00:00:00.352001 HM:   INVVPID_SINGLE_CONTEXT
00:00:00.352001 HM:   INVVPID_ALL_CONTEXTS
00:00:00.352001 HM:   INVVPID_SINGLE_CONTEXT_RETAIN_GLOBALS
00:00:00.352001 HM: MSR_IA32_VMX_MISC               = 0x7004c1e7
00:00:00.352001 HM:   PREEMPT_TSC_BIT                 = 0x7
00:00:00.352001 HM:   STORE_EFERLMA_VMEXIT            = true 
00:00:00.352001 HM:   ACTIVITY_STATES                 = 0x7
00:00:00.352001 HM:   CR3_TARGET                      = 0x4
00:00:00.352001 HM:   MAX_MSR                         = 512
00:00:00.352001 HM:   RDMSR_SMBASE_MSR_SMM            = true 
00:00:00.352001 HM:   SMM_MONITOR_CTL_B2              = true 
00:00:00.352001 HM:   VMWRITE_VMEXIT_INFO             = true 
00:00:00.352001 HM:   MSEG_ID                         = 0x0
00:00:00.352001 HM: MSR_IA32_VMX_CR0_FIXED0         = 0x80000021
00:00:00.352001 HM: MSR_IA32_VMX_CR0_FIXED1         = 0xffffffff
00:00:00.352001 HM: MSR_IA32_VMX_CR4_FIXED0         = 0x2000
00:00:00.352001 HM: MSR_IA32_VMX_CR4_FIXED1         = 0x3727ff
00:00:00.352001 HM: MSR_IA32_VMX_VMCS_ENUM          = 0x2e
00:00:00.352001 HM:   HIGHEST_INDEX                   = 0x17
00:00:00.352001 HM: MSR_IA32_VMX_VMFUNC             = 0x1
00:00:00.352001 HM:   EPTP_SWITCHING
00:00:00.352001 HM: APIC-access page physaddr       = 0x0000000029a74000
00:00:00.352001 HM: VCPU  0: MSR bitmap physaddr    = 0x000000002980d000
00:00:00.352001 HM: VCPU  0: VMCS physaddr          = 0x000000002980e000
00:00:00.352001 HM: Guest support: 32-bit and 64-bit
00:00:00.352001 HM: Supports VMCS EFER fields       = true 
00:00:00.352001 HM: Enabled VMX
00:00:00.352001 CPUM: SetGuestCpuIdFeature: Enabled SYSENTER/EXIT
00:00:00.352001 CPUM: SetGuestCpuIdFeature: Enabled PAE
00:00:00.352001 CPUM: SetGuestCpuIdFeature: Enabled LONG MODE
00:00:00.352001 CPUM: SetGuestCpuIdFeature: Enabled SYSCALL/RET
00:00:00.352001 CPUM: SetGuestCpuIdFeature: Enabled LAHF/SAHF
00:00:00.352001 CPUM: SetGuestCpuIdFeature: Enabled NX
00:00:00.352001 HM: Enabled nested paging
00:00:00.352001 HM:   EPT flush type                = VMXFLUSHEPT_SINGLE_CONTEXT
00:00:00.352001 HM: Enabled unrestricted guest execution
00:00:00.352001 HM: Enabled VPID
00:00:00.352001 HM:   VPID flush type               = VMXFLUSHVPID_SINGLE_CONTEXT
00:00:00.352001 HM: Enabled VMX-preemption timer (cPreemptTimerShift=7)
00:00:00.352001 HM: VT-x/AMD-V init method: GLOBAL
00:00:00.352001 VMM: fUsePeriodicPreemptionTimers=false
00:00:00.356821 CPUM: Logical host processors: 8 present, 8 max, 8 online, online mask: 00000000000000ff
00:00:00.356917 CPUM: Physical host cores: 4
00:00:00.356918 ************************* CPUID dump ************************
00:00:00.356930          Raw Standard CPUID Leaves
00:00:00.356930      Leaf/sub-leaf  eax      ebx      ecx      edx
00:00:00.356931 Gst: 00000000/0000  00000016 756e6547 6c65746e 49656e69
00:00:00.356933 Hst:                00000016 756e6547 6c65746e 49656e69
00:00:00.356934 Gst: 00000001/0000  000906e9 00000800 d6fa220b 078bfbff
00:00:00.356935 Hst:                000906e9 05100800 7ffafbbf bfebfbff
00:00:00.356936 Gst: 00000002/0000  76036301 00f0b5ff 00000000 00c30000
00:00:00.356937 Hst:                76036301 00f0b5ff 00000000 00c30000
00:00:00.356938 Gst: 00000003/0000  00000000 00000000 00000000 00000000
00:00:00.356939 Hst:                00000000 00000000 00000000 00000000
00:00:00.356940 Gst: 00000004/0000  00000121 01c0003f 0000003f 00000000
00:00:00.356941 Hst:                1c004121 01c0003f 0000003f 00000000
00:00:00.356941 Gst: 00000004/0001  00000122 01c0003f 0000003f 00000000
00:00:00.356942 Hst:                1c004122 01c0003f 0000003f 00000000
00:00:00.356943 Gst: 00000004/0002  00000143 00c0003f 000003ff 00000000
00:00:00.356944 Hst:                1c004143 00c0003f 000003ff 00000000
00:00:00.356944 Gst: 00000004/0003  00000163 02c0003f 00001fff 00000006
00:00:00.356945 Hst:                1c03c163 02c0003f 00001fff 00000006
00:00:00.356946 Gst: 00000004/0004  00000000 00000000 00000000 00000000
00:00:00.356947 Hst:                00000000 00000000 00000000 00000000
00:00:00.356947 Gst: 00000005/0000  00000040 00000040 00000000 00000000
00:00:00.356948 Hst:                00000040 00000040 00000003 11142120
00:00:00.356949 Gst: 00000006/0000  00000000 00000000 00000000 00000000
00:00:00.356950 Hst:                000027f7 00000002 00000009 00000000
00:00:00.356951 Gst: 00000007/0000  00000000 00842421 00000000 10000400
00:00:00.356952 Hst:                00000000 029c67af 00000000 9c002600
00:00:00.356953 Gst: 00000007/0001  00000000 00000000 00000000 00000000
00:00:00.356953 Hst:                00000000 00000000 00000000 00000000
00:00:00.356954 Gst: 00000008/0000  00000000 00000000 00000000 00000000
00:00:00.356954 Hst:                00000000 00000000 00000000 00000000
00:00:00.356955 Gst: 00000009/0000  00000000 00000000 00000000 00000000
00:00:00.356955 Hst:                00000000 00000000 00000000 00000000
00:00:00.356956 Gst: 0000000a/0000  00000000 00000000 00000000 00000000
00:00:00.356957 Hst:                07300404 00000000 00000000 00000603
00:00:00.356957 Gst: 0000000b/0000  00000000 00000001 00000100 00000000
00:00:00.356958 Hst:                00000001 00000002 00000100 00000005
00:00:00.356959 Gst: 0000000b/0001  00000001 00000001 00000201 00000000
00:00:00.356959 Hst:                00000004 00000008 00000201 00000005
00:00:00.356960 Gst: 0000000b/0002  00000000 00000000 00000002 00000000
00:00:00.356960 Hst:                00000000 00000000 00000002 00000005
00:00:00.356961 Gst: 0000000c/0000  00000000 00000000 00000000 00000000
00:00:00.356961 Hst:                00000000 00000000 00000000 00000000
00:00:00.356962 Gst: 0000000d/0000  00000007 00000340 00000340 00000000
00:00:00.356963 Hst:                0000001f 00000440 00000440 00000000
00:00:00.356964 Gst: 0000000d/0001  00000000 000003c0 00000000 00000000
00:00:00.356964 Hst:                0000000f 000003c0 00000100 00000000
00:00:00.356965 Gst: 0000000d/0002  00000100 00000240 00000000 00000000
00:00:00.356965 Hst:                00000100 00000240 00000000 00000000
00:00:00.356966 Gst: 0000000d/0003  00000000 00000000 00000000 00000000
00:00:00.356967 Hst:                00000040 000003c0 00000000 00000000
00:00:00.356967 Gst: 0000000d/0004  00000000 00000000 00000000 00000000
00:00:00.356968 Hst:                00000040 00000400 00000000 00000000
00:00:00.356969 Gst: 0000000d/0005  00000000 00000000 00000000 00000000
00:00:00.356969 Hst:                00000000 00000000 00000000 00000000
00:00:00.356970 Gst: 0000000d/0006  00000000 00000000 00000000 00000000
00:00:00.356970 Hst:                00000000 00000000 00000000 00000000
00:00:00.356971 Gst: 0000000d/0007  00000000 00000000 00000000 00000000
00:00:00.356972 Hst:                00000000 00000000 00000000 00000000
00:00:00.356972 Gst: 0000000d/0008  00000000 00000000 00000000 00000000
00:00:00.356973 Hst:                00000080 00000000 00000001 00000000
00:00:00.356973 Gst: 0000000d/0009  00000000 00000000 00000000 00000000
00:00:00.356974 Hst:                00000000 00000000 00000000 00000000
00:00:00.356990 Gst: 0000000e/0000  00000000 00000000 00000000 00000000
00:00:00.356991 Hst:                00000000 00000000 00000000 00000000
00:00:00.356992 Gst: 0000000f/0000  00000000 00000000 00000000 00000000
00:00:00.356992 Hst:                00000000 00000000 00000000 00000000
00:00:00.356993 Gst: 00000010/0000  00000000 00000000 00000000 00000000
00:00:00.356993 Hst:                00000000 00000000 00000000 00000000
00:00:00.356994 Gst: 00000011/0000  00000000 00000000 00000000 00000000
00:00:00.356995 Hst:                00000000 00000000 00000000 00000000
00:00:00.356995 Gst: 00000012/0000  00000000 00000000 00000000 00000000
00:00:00.356996 Hst:                00000000 00000000 00000000 00000000
00:00:00.356996 Gst: 00000013/0000  00000000 00000000 00000000 00000000
00:00:00.356997 Hst:                00000000 00000000 00000000 00000000
00:00:00.356997 Gst: 00000014/0000  00000000 00000000 00000000 00000000
00:00:00.356998 Hst:                00000001 0000000f 00000007 00000000
00:00:00.356999 Hst: 00000015/0000  00000002 000000ea 00000000 00000000
00:00:00.357000 Hst: 00000016/0000  00000af0 00000ed8 00000064 00000000
00:00:00.357001                                Name: GenuineIntel
00:00:00.357002                            Supports: 0x00000000-0x00000016
00:00:00.357003                              Family:  6 	Extended: 0 	Effective: 6
00:00:00.357004                               Model: 14 	Extended: 9 	Effective: 158
00:00:00.357005                            Stepping: 9
00:00:00.357006                                Type: 0 (primary)
00:00:00.357007                             APIC ID: 0x00
00:00:00.357008                        Logical CPUs: 0
00:00:00.357008                        CLFLUSH Size: 8
00:00:00.357009                            Brand ID: 0x00
00:00:00.357010 Features
00:00:00.357010   Mnemonic - Description                                  = guest (host)
00:00:00.357011   FPU - x87 FPU on Chip                                   = 1 (1)
00:00:00.357012   VME - Virtual 8086 Mode Enhancements                    = 1 (1)
00:00:00.357013   DE - Debugging extensions                               = 1 (1)
00:00:00.357014   PSE - Page Size Extension                               = 1 (1)
00:00:00.357015   TSC - Time Stamp Counter                                = 1 (1)
00:00:00.357016   MSR - Model Specific Registers                          = 1 (1)
00:00:00.357016   PAE - Physical Address Extension                        = 1 (1)
00:00:00.357017   MCE - Machine Check Exception                           = 1 (1)
00:00:00.357018   CX8 - CMPXCHG8B instruction                             = 1 (1)
00:00:00.357019   APIC - APIC On-Chip                                     = 1 (1)
00:00:00.357020   SEP - SYSENTER and SYSEXIT Present                      = 1 (1)
00:00:00.357020   MTRR - Memory Type Range Registers                      = 1 (1)
00:00:00.357021   PGE - PTE Global Bit                                    = 1 (1)
00:00:00.357022   MCA - Machine Check Architecture                        = 1 (1)
00:00:00.357023   CMOV - Conditional Move instructions                    = 1 (1)
00:00:00.357023   PAT - Page Attribute Table                              = 1 (1)
00:00:00.357024   PSE-36 - 36-bit Page Size Extension                     = 1 (1)
00:00:00.357025   PSN - Processor Serial Number                           = 0 (0)
00:00:00.357026   CLFSH - CLFLUSH instruction                             = 1 (1)
00:00:00.357026   DS - Debug Store                                        = 0 (1)
00:00:00.357027   ACPI - Thermal Mon. & Soft. Clock Ctrl.                 = 0 (1)
00:00:00.357028   MMX - Intel MMX Technology                              = 1 (1)
00:00:00.357029   FXSR - FXSAVE and FXRSTOR instructions                  = 1 (1)
00:00:00.357029   SSE - SSE support                                       = 1 (1)
00:00:00.357030   SSE2 - SSE2 support                                     = 1 (1)
00:00:00.357031   SS - Self Snoop                                         = 0 (1)
00:00:00.357032   HTT - Hyper-Threading Technology                        = 0 (1)
00:00:00.357033   TM - Therm. Monitor                                     = 0 (1)
00:00:00.357034   PBE - Pending Break Enabled                             = 0 (1)
00:00:00.357034   SSE3 - SSE3 support                                     = 1 (1)
00:00:00.357035   PCLMUL - PCLMULQDQ support (for AES-GCM)                = 1 (1)
00:00:00.357036   DTES64 - DS Area 64-bit Layout                          = 0 (1)
00:00:00.357037   MONITOR - MONITOR/MWAIT instructions                    = 1 (1)
00:00:00.357037   CPL-DS - CPL Qualified Debug Store                      = 0 (1)
00:00:00.357038   VMX - Virtual Machine Extensions                        = 0 (1)
00:00:00.357039   SMX - Safer Mode Extensions                             = 0 (0)
00:00:00.357040   EST - Enhanced SpeedStep Technology                     = 0 (1)
00:00:00.357040   TM2 - Terminal Monitor 2                                = 0 (1)
00:00:00.357041   SSSE3 - Supplemental Streaming SIMD Extensions 3        = 1 (1)
00:00:00.357042   CNTX-ID - L1 Context ID                                 = 0 (0)
00:00:00.357042   SDBG - Silicon Debug interface                          = 0 (1)
00:00:00.357043   FMA - Fused Multiply Add extensions                     = 0 (1)
00:00:00.357044   CX16 - CMPXCHG16B instruction                           = 1 (1)
00:00:00.357044   TPRUPDATE - xTPR Update Control                         = 0 (1)
00:00:00.357045   PDCM - Perf/Debug Capability MSR                        = 0 (1)
00:00:00.357046   PCID - Process Context Identifiers                      = 1 (1)
00:00:00.357047   DCA - Direct Cache Access                               = 0 (0)
00:00:00.357047   SSE4_1 - SSE4_1 support                                 = 1 (1)
00:00:00.357048   SSE4_2 - SSE4_2 support                                 = 1 (1)
00:00:00.357049   X2APIC - x2APIC support                                 = 1 (1)
00:00:00.357050   MOVBE - MOVBE instruction                               = 1 (1)
00:00:00.357051   POPCNT - POPCNT instruction                             = 1 (1)
00:00:00.357051   TSCDEADL - Time Stamp Counter Deadline                  = 0 (1)
00:00:00.357052   AES - AES instructions                                  = 1 (1)
00:00:00.357053   XSAVE - XSAVE instruction                               = 1 (1)
00:00:00.357054   OSXSAVE - OSXSAVE instruction                           = 0 (1)
00:00:00.357054   AVX - AVX support                                       = 1 (1)
00:00:00.357055   F16C - 16-bit floating point conversion instructions    = 0 (1)
00:00:00.357056   RDRAND - RDRAND instruction                             = 1 (1)
00:00:00.357078   HVP - Hypervisor Present (we're a guest)                = 1 (0)
00:00:00.357079 Structured Extended Feature Flags Enumeration (leaf 7):
00:00:00.357080   Mnemonic - Description                                  = guest (host)
00:00:00.357080   FSGSBASE - RDFSBASE/RDGSBASE/WRFSBASE/WRGSBASE instr.   = 1 (1)
00:00:00.357081   TSCADJUST - Supports MSR_IA32_TSC_ADJUST                = 0 (1)
00:00:00.357081   SGX - Supports Software Guard Extensions                = 0 (1)
00:00:00.357082   BMI1 - Advanced Bit Manipulation extension 1            = 0 (1)
00:00:00.357083   HLE - Hardware Lock Elision                             = 0 (0)
00:00:00.357083   AVX2 - Advanced Vector Extensions 2                     = 1 (1)
00:00:00.357084   FDP_EXCPTN_ONLY - FPU DP only updated on exceptions     = 0 (0)
00:00:00.357085   SMEP - Supervisor Mode Execution Prevention             = 0 (1)
00:00:00.357086   BMI2 - Advanced Bit Manipulation extension 2            = 0 (1)
00:00:00.357086   ERMS - Enhanced REP MOVSB/STOSB instructions            = 0 (1)
00:00:00.357087   INVPCID - INVPCID instruction                           = 1 (1)
00:00:00.357088   RTM - Restricted Transactional Memory                   = 0 (0)
00:00:00.357088   PQM - Platform Quality of Service Monitoring            = 0 (0)
00:00:00.357089   DEPFPU_CS_DS - Deprecates FPU CS, FPU DS values if set  = 1 (1)
00:00:00.357090   MPE - Intel Memory Protection Extensions                = 0 (1)
00:00:00.357090   PQE - Platform Quality of Service Enforcement           = 0 (0)
00:00:00.357091   AVX512F - AVX512 Foundation instructions                = 0 (0)
00:00:00.357092   RDSEED - RDSEED instruction                             = 1 (1)
00:00:00.357092   ADX - ADCX/ADOX instructions                            = 0 (1)
00:00:00.357093   SMAP - Supervisor Mode Access Prevention                = 0 (1)
00:00:00.357094   CLFLUSHOPT - CLFLUSHOPT (Cache Line Flush) instruction  = 1 (1)
00:00:00.357095   INTEL_PT - Intel Processor Trace                        = 0 (1)
00:00:00.357096   AVX512PF - AVX512 Prefetch instructions                 = 0 (0)
00:00:00.357096   AVX512ER - AVX512 Exponential & Reciprocal instructions = 0 (0)
00:00:00.357097   AVX512CD - AVX512 Conflict Detection instructions       = 0 (0)
00:00:00.357098   SHA - Secure Hash Algorithm extensions                  = 0 (0)
00:00:00.357098   PREFETCHWT1 - PREFETCHWT1 instruction                   = 0 (0)
00:00:00.357099   UMIP - User mode insturction prevention                 = 0 (0)
00:00:00.357100   PKU - Protection Key for Usermode pages                 = 0 (0)
00:00:00.357101   OSPKE - CR4.PKU mirror                                  = 0 (0)
00:00:00.357101   MAWAU - Value used by BNDLDX & BNDSTX                   = 0x0 (0x0)
00:00:00.357102   RDPID - Read processor ID support                       = 0 (0)
00:00:00.357103   SGX_LC - Supports SGX Launch Configuration              = 0 (0)
00:00:00.357104    9 - Reserved                                           = 0 (1)
00:00:00.357105   MD_CLEAR - Supports MDS related buffer clearing         = 1 (1)
00:00:00.357106   13 - Reserved                                           = 0 (1)
00:00:00.357107   IBRS_IBPB - IA32_SPEC_CTRL.IBRS and IA32_PRED_CMD.IBPB  = 0 (1)
00:00:00.357107   STIBP - Supports IA32_SPEC_CTRL.STIBP                   = 0 (1)
00:00:00.357108   FLUSH_CMD - Supports IA32_FLUSH_CMD                     = 1 (1)
00:00:00.357109   ARCHCAP - Supports IA32_ARCH_CAP                        = 0 (0)
00:00:00.357109   31 - Reserved                                           = 0 (1)
00:00:00.357111 Processor Extended State Enumeration (leaf 0xd):
00:00:00.357111    XSAVE area cur/max size by XCR0, guest: 0x340/0x340
00:00:00.357112     XSAVE area cur/max size by XCR0, host: 0x440/0x440
00:00:00.357113                    Valid XCR0 bits, guest: 0x00000000`00000007 ( x87 SSE YMM_Hi128 )
00:00:00.357115                     Valid XCR0 bits, host: 0x00000000`0000001f ( x87 SSE YMM_Hi128 BNDREGS BNDCSR )
00:00:00.357116                     XSAVE features, guest:
00:00:00.357117                      XSAVE features, host: XSAVEOPT XSAVEC XGETBC1 XSAVES
00:00:00.357118       XSAVE area cur size XCR0|XSS, guest: 0x3c0
00:00:00.357119        XSAVE area cur size XCR0|XSS, host: 0x3c0
00:00:00.357119                Valid IA32_XSS bits, guest: 0x00000000`00000000
00:00:00.357120                 Valid IA32_XSS bits, host: 0x00000100`00000000 ( 40 )
00:00:00.357122   State #2, guest: off=0x0240, cb=0x0100 IA32_XSS-bit -- YMM_Hi128
00:00:00.357123   State #2, host:  off=0x0240, cb=0x0100 IA32_XSS-bit -- YMM_Hi128
00:00:00.357124   State #3, host:  off=0x03c0, cb=0x0040 IA32_XSS-bit -- BNDREGS
00:00:00.357125   State #4, host:  off=0x0400, cb=0x0040 IA32_XSS-bit -- BNDCSR
00:00:00.357127   State #8, host:  off=0x0000, cb=0x0080 XCR0-bit -- 8
00:00:00.357136          Unknown CPUID Leaves
00:00:00.357136      Leaf/sub-leaf  eax      ebx      ecx      edx
00:00:00.357137 Gst: 00000014/0001  00000000 00000000 00000000 00000000
00:00:00.357138 Hst:                02490002 003f3fff 00000000 00000000
00:00:00.357139 Gst: 00000014/0002  00000000 00000000 00000000 00000000
00:00:00.357139 Hst:                00000000 00000000 00000000 00000000
00:00:00.357140 Gst: 00000015/0000  00000000 00000000 00000000 00000000
00:00:00.357141 Hst:                00000002 000000ea 00000000 00000000
00:00:00.357142 Gst: 00000016/0000  00000000 00000000 00000000 00000000
00:00:00.357142 Hst:                00000af0 00000ed8 00000064 00000000
00:00:00.357143          Raw Hypervisor CPUID Leaves
00:00:00.357144      Leaf/sub-leaf  eax      ebx      ecx      edx
00:00:00.357145 Gst: 40000000/0000  40000001 4b4d564b 564b4d56 0000004d
00:00:00.357146 Hst:                00000af0 00000ed8 00000064 00000000
00:00:00.357148 Gst: 40000001/0000  01000089 00000000 00000000 00000000
00:00:00.357149 Hst:                00000af0 00000ed8 00000064 00000000
00:00:00.357166          Raw Extended CPUID Leaves
00:00:00.357167      Leaf/sub-leaf  eax      ebx      ecx      edx
00:00:00.357167 Gst: 80000000/0000  80000008 00000000 00000000 00000000
00:00:00.357168 Hst:                80000008 00000000 00000000 00000000
00:00:00.357169 Gst: 80000001/0000  00000000 00000000 00000121 28100800
00:00:00.357170 Hst:                00000000 00000000 00000121 2c100800
00:00:00.357172 Gst: 80000002/0000  65746e49 2952286c 726f4320 4d542865
00:00:00.357174 Hst:                65746e49 2952286c 726f4320 4d542865
00:00:00.357196 Gst: 80000003/0000  37692029 3037372d 20514830 20555043
00:00:00.357198 Hst:                37692029 3037372d 20514830 20555043
00:00:00.357200 Gst: 80000004/0000  2e322040 48473038 0000007a 00000000
00:00:00.357201 Hst:                2e322040 48473038 0000007a 00000000
00:00:00.357202 Gst: 80000005/0000  00000000 00000000 00000000 00000000
00:00:00.357203 Hst:                00000000 00000000 00000000 00000000
00:00:00.357204 Gst: 80000006/0000  00000000 00000000 01006040 00000000
00:00:00.357205 Hst:                00000000 00000000 01006040 00000000
00:00:00.357206 Gst: 80000007/0000  00000000 00000000 00000000 00000100
00:00:00.357207 Hst:                00000000 00000000 00000000 00000100
00:00:00.357208 Gst: 80000008/0000  00003027 00000000 00000000 00000000
00:00:00.357209 Hst:                00003027 00000000 00000000 00000000
00:00:00.357210 Ext Name:                        
00:00:00.357210 Ext Supports:                    0x80000000-0x80000008
00:00:00.357211 Family:                          0  	Extended: 0 	Effective: 0
00:00:00.357212 Model:                           0  	Extended: 0 	Effective: 0
00:00:00.357213 Stepping:                        0
00:00:00.357213 Brand ID:                        0x000
00:00:00.357214 Ext Features
00:00:00.357214   Mnemonic - Description                                  = guest (host)
00:00:00.357215   FPU - x87 FPU on Chip                                   = 0 (0)
00:00:00.357216   VME - Virtual 8086 Mode Enhancements                    = 0 (0)
00:00:00.357217   DE - Debugging extensions                               = 0 (0)
00:00:00.357219   PSE - Page Size Extension                               = 0 (0)
00:00:00.357220   TSC - Time Stamp Counter                                = 0 (0)
00:00:00.357221   MSR - K86 Model Specific Registers                      = 0 (0)
00:00:00.357222   PAE - Physical Address Extension                        = 0 (0)
00:00:00.357244   MCE - Machine Check Exception                           = 0 (0)
00:00:00.357245   CX8 - CMPXCHG8B instruction                             = 0 (0)
00:00:00.357247   APIC - APIC On-Chip                                     = 0 (0)
00:00:00.357248   SEP - SYSCALL/SYSRET                                    = 1 (1)
00:00:00.357250   MTRR - Memory Type Range Registers                      = 0 (0)
00:00:00.357251   PGE - PTE Global Bit                                    = 0 (0)
00:00:00.357252   MCA - Machine Check Architecture                        = 0 (0)
00:00:00.357252   CMOV - Conditional Move instructions                    = 0 (0)
00:00:00.357253   PAT - Page Attribute Table                              = 0 (0)
00:00:00.357254   PSE-36 - 36-bit Page Size Extension                     = 0 (0)
00:00:00.357255   NX - No-Execute/Execute-Disable                         = 1 (1)
00:00:00.357256   AXMMX - AMD Extensions to MMX instructions              = 0 (0)
00:00:00.357256   MMX - Intel MMX Technology                              = 0 (0)
00:00:00.357257   FXSR - FXSAVE and FXRSTOR Instructions                  = 0 (0)
00:00:00.357258   FFXSR - AMD fast FXSAVE and FXRSTOR instructions        = 0 (0)
00:00:00.357259   Page1GB - 1 GB large page                               = 0 (1)
00:00:00.357259   RDTSCP - RDTSCP instruction                             = 1 (1)
00:00:00.357260   LM - AMD64 Long Mode                                    = 1 (1)
00:00:00.357261   3DNOWEXT - AMD Extensions to 3DNow                      = 0 (0)
00:00:00.357262   3DNOW - AMD 3DNow                                       = 0 (0)
00:00:00.357263   LahfSahf - LAHF/SAHF support in 64-bit mode             = 1 (1)
00:00:00.357264   CmpLegacy - Core multi-processing legacy mode           = 0 (0)
00:00:00.357265   SVM - AMD Secure Virtual Machine extensions             = 0 (0)
00:00:00.357265   EXTAPIC - AMD Extended APIC registers                   = 0 (0)
00:00:00.357266   CR8L - AMD LOCK MOV CR0 means MOV CR8                   = 0 (0)
00:00:00.357267   ABM - AMD Advanced Bit Manipulation                     = 1 (1)
00:00:00.357268   SSE4A - SSE4A instructions                              = 0 (0)
00:00:00.357268   MISALIGNSSE - AMD Misaligned SSE mode                   = 0 (0)
00:00:00.357269   3DNOWPRF - AMD PREFETCH and PREFETCHW instructions      = 1 (1)
00:00:00.357270   OSVW - AMD OS Visible Workaround                        = 0 (0)
00:00:00.357270   IBS - Instruct Based Sampling                           = 0 (0)
00:00:00.357271   XOP - Extended Operation support                        = 0 (0)
00:00:00.357272   SKINIT - SKINIT, STGI, and DEV support                  = 0 (0)
00:00:00.357290   WDT - AMD Watchdog Timer support                        = 0 (0)
00:00:00.357290   LWP - Lightweight Profiling support                     = 0 (0)
00:00:00.357291   FMA4 - Four operand FMA instruction support             = 0 (0)
00:00:00.357292   NodeId - NodeId in MSR C001_100C                        = 0 (0)
00:00:00.357293   TBM - Trailing Bit Manipulation instructions            = 0 (0)
00:00:00.357293   TOPOEXT - Topology Extensions                           = 0 (0)
00:00:00.357295 Full Name:                       "Intel(R) Core(TM) i7-7700HQ CPU @ 2.80GHz"
00:00:00.357296 TLB 2/4M Instr/Uni:              res0     0 entries
00:00:00.357296 TLB 2/4M Data:                   res0     0 entries
00:00:00.357297 TLB 4K Instr/Uni:                res0     0 entries
00:00:00.357297 TLB 4K Data:                     res0     0 entries
00:00:00.357298 L1 Instr Cache Line Size:        0 bytes
00:00:00.357298 L1 Instr Cache Lines Per Tag:    0
00:00:00.357319 L1 Instr Cache Associativity:    res0  
00:00:00.357320 L1 Instr Cache Size:             0 KB
00:00:00.357320 L1 Data Cache Line Size:         0 bytes
00:00:00.357321 L1 Data Cache Lines Per Tag:     0
00:00:00.357321 L1 Data Cache Associativity:     res0  
00:00:00.357321 L1 Data Cache Size:              0 KB
00:00:00.357322 L2 TLB 2/4M Instr/Uni:           off       0 entries
00:00:00.357322 L2 TLB 2/4M Data:                off       0 entries
00:00:00.357323 L2 TLB 4K Instr/Uni:             off       0 entries
00:00:00.357323 L2 TLB 4K Data:                  off       0 entries
00:00:00.357324 L2 Cache Line Size:              0 bytes
00:00:00.357324 L2 Cache Lines Per Tag:          0
00:00:00.357325 L2 Cache Associativity:          off   
00:00:00.357325 L2 Cache Size:                   0 KB
00:00:00.357325 APM Features:                    TscInvariant
00:00:00.357326 Host Invariant-TSC support:      true 
00:00:00.357329 Physical Address Width:          39 bits
00:00:00.357329 Virtual Address Width:           48 bits
00:00:00.357329 Guest Physical Address Width:    0 bits
00:00:00.357330 Physical Core Count:             1
00:00:00.357334 
00:00:00.357336 ******************** End of CPUID dump **********************
00:00:00.365552 PcBios: SATA LUN#0 LCHS=1015/64/63
00:00:00.365599 APIC: fPostedIntrsEnabled=false fVirtApicRegsEnabled=false fSupportsTscDeadline=false
00:00:00.365609 TMR3UtcNow: nsNow=1 599 659 626 741 777 000 nsPrev=0 -> cNsDelta=1 599 659 626 741 777 000 (offLag=0 offVirtualSync=0 offVirtualSyncGivenUp=0, NowAgain=1 599 659 626 741 778 000)
00:00:00.365661 VMEmt: Halt method global1 (5)
00:00:00.365674 VMEmt: HaltedGlobal1 config: cNsSpinBlockThresholdCfg=2000
00:00:00.365682 Changing the VM state from 'CREATING' to 'CREATED'
00:00:00.367467 Changing the VM state from 'CREATED' to 'POWERING_ON'
00:00:00.367518 AIOMgr: Endpoints without assigned bandwidth groups:
00:00:00.367524 AIOMgr:     /home/aurelien/dev/snowcrash/scripts/vm/Snowcrash/.vdi
00:00:00.367589 Changing the VM state from 'POWERING_ON' to 'RUNNING'
00:00:00.367596 Console: Machine state changed to 'Running'
00:00:00.369284 VMMDev: Guest Log: BIOS: VirtualBox 5.2.41
00:00:00.369388 PCI: setting up resources and interrupts
00:00:00.371734 PIT: mode=2 count=0x10000 (65536) - 18.20 Hz (ch=0)
00:00:00.382577 VMMDev: Guest Log: CPUID EDX: 0x078bfbff
00:00:00.382647 PIIX3 ATA: Ctl#1: RESET, DevSel=0 AIOIf=0 CmdIf0=0x00 (-1 usec ago) CmdIf1=0x00 (-1 usec ago)
00:00:00.382701 PIIX3 ATA: Ctl#1: finished processing RESET
00:00:00.390354 AHCI#0: Reset the HBA
00:00:00.390379 VD#0: Cancelling all active requests
00:00:00.390450 AHCI#0: Port 0 reset
00:00:00.390509 VD#0: Cancelling all active requests
00:00:00.391312 VMMDev: Guest Log: BIOS: AHCI 0-P#0: PCHS=4063/16/63 LCHS=1015/64/63 0x00000000003e8000 sectors
00:00:00.391434 AHCI#0: Port 1 reset
00:00:00.392888 Display::handleDisplayResize: uScreenId=0 pvVRAM=0000000000000000 w=720 h=400 bpp=0 cbLine=0x0 flags=0x0
00:00:00.541253 AHCI#0: Port 2 reset
00:00:00.702982 AHCI#0: Port 3 reset
00:00:00.872404 AHCI#0: Port 4 reset
00:00:01.031634 AHCI#0: Port 5 reset
00:00:01.201154 AHCI#0: Port 6 reset
00:00:01.362401 AHCI#0: Port 7 reset
00:00:01.531579 AHCI#0: Port 8 reset
00:00:01.691862 AHCI#0: Port 9 reset
00:00:01.859040 AHCI#0: Port 10 reset
00:00:02.020083 AHCI#0: Port 11 reset
00:00:02.192075 AHCI#0: Port 12 reset
00:00:02.349378 AHCI#0: Port 13 reset
00:00:02.520312 AHCI#0: Port 14 reset
00:00:02.681633 AHCI#0: Port 15 reset
00:00:02.851519 AHCI#0: Port 16 reset
00:00:03.011520 AHCI#0: Port 17 reset
00:00:03.177584 AHCI#0: Port 18 reset
00:00:03.340719 AHCI#0: Port 19 reset
00:00:03.503002 AHCI#0: Port 20 reset
00:00:03.668077 AHCI#0: Port 21 reset
00:00:03.833002 AHCI#0: Port 22 reset
00:00:04.001177 AHCI#0: Port 23 reset
00:00:04.161865 AHCI#0: Port 24 reset
00:00:04.330170 AHCI#0: Port 25 reset
00:00:04.491885 AHCI#0: Port 26 reset
00:00:04.659885 AHCI#0: Port 27 reset
00:00:04.821192 AHCI#0: Port 28 reset
00:00:04.991903 AHCI#0: Port 29 reset
00:00:05.151344 PIT: mode=2 count=0x48d3 (18643) - 64.00 Hz (ch=0)
00:00:05.167035 Display::handleDisplayResize: uScreenId=0 pvVRAM=00007fee38000000 w=640 h=480 bpp=32 cbLine=0xA00 flags=0x0
00:00:07.630319 PIT: mode=2 count=0x10000 (65536) - 18.20 Hz (ch=0)
00:00:07.630591 VMMDev: Guest Log: BIOS: Boot : bseqnr=1, bootseq=0023
00:00:07.631102 VMMDev: Guest Log: BIOS: Booting from CD-ROM...
00:00:07.633075 Display::handleDisplayResize: uScreenId=0 pvVRAM=0000000000000000 w=720 h=400 bpp=0 cbLine=0x0 flags=0x0
00:00:07.676207 VMMDev: Guest Log: BIOS: KBD: unsupported int 16h function 03
00:00:07.676468 VMMDev: Guest Log: BIOS: AX=0305 BX=0000 CX=0000 DX=0000 
00:00:07.901958 GIM: KVM: VCPU  0: Enabled system-time struct. at 0x0000000001940dc0 - u32TscScale=0xb65613f1 i8TscShift=-1 uVersion=2 fFlags=0x1 uTsc=0x4ecfd9675 uVirtNanoTS=0x1c1122d4d
00:00:07.901994 TM: Switching TSC mode from 'Dynamic' to 'RealTscOffset'
00:00:07.910496 GIM: KVM: VCPU  0: Enabled system-time struct. at 0x00000000363a4dc0 - u32TscScale=0xb65613f1 i8TscShift=-1 uVersion=4 fFlags=0x1 uTsc=0x4ecfd9675 uVirtNanoTS=0x1c1122d4d
00:00:07.938605 GIM: KVM: Enabled wall-clock struct. at 0x0000000001957ec4 - u32Sec=1599659634 u32Nano=314486354 uVersion=2
00:00:07.945500 PIT: mode=2 count=0x12a5 (4773) - 249.98 Hz (ch=0)
00:00:08.143820 PIT: mode=0 count=0x10000 (65536) - 18.20 Hz (ch=0)
00:00:08.336924 AHCI#0: Reset the HBA
00:00:08.336956 VD#0: Cancelling all active requests
00:00:08.433528 AHCI#0: Port 0 reset
00:00:08.443085 VD#0: Cancelling all active requests
00:00:08.563301 PIIX3 ATA: Ctl#0: RESET, DevSel=0 AIOIf=0 CmdIf0=0x00 (-1 usec ago) CmdIf1=0x00 (-1 usec ago)
00:00:08.563391 PIIX3 ATA: Ctl#0: finished processing RESET
00:00:08.563580 PIIX3 ATA: Ctl#1: RESET, DevSel=0 AIOIf=0 CmdIf0=0xa0 (-1 usec ago) CmdIf1=0x00 (-1 usec ago)
00:00:08.563622 PIIX3 ATA: Ctl#1: finished processing RESET
00:00:24.218034 VMMDev: Guest Additions information report: Version 4.1.12 r77245 '4.1.12_Ubuntu'
00:00:24.218081 VMMDev: Guest Additions information report: Interface = 0x00010004 osType = 0x00053000 (Linux >= 2.6, 32-bit)
00:00:24.218171 VMMDev: Guest Additions capability report: (0x0 -> 0x0) seamless: no, hostWindowMapping: no, graphics: no
00:00:24.218286 VMMDev: Guest reported fixed hypervisor window at 000f8c00000 LB 0x800000 (rc=VINF_SUCCESS)
00:00:24.218717 VMMDev: Guest Log: vboxguest: major 0, IRQ 20, I/O port d020, MMIO at 00000000f0400000 (size 0x400000)
00:00:24.613056 AC97: Reset
00:00:24.613077 AC97: Mixer reset (EAID=0x809, EACS=0x9)
00:00:24.613103 AC97: Record select to left=Microphone In, right=Microphone In
00:00:24.613257 AC97: Reset
00:00:24.613261 AC97: Mixer reset (EAID=0x809, EACS=0x9)
00:00:24.613264 AC97: Record select to left=Microphone In, right=Microphone In
00:00:25.824654 PulseAudio: Retrieving server information ...
00:00:25.825579 Audio: Enabling input for driver 'PulseAudio'
00:00:25.826106 Mixer: Setting recording source of sink '[Recording] Line In' to 'Line-In'
00:00:25.856611 Audio: Disabling input for driver 'PulseAudio'
00:00:25.857242 Mixer: Setting recording source of sink '[Recording] Line In' to '<None>'
00:00:25.868614 PulseAudio: Retrieving server information ...
00:00:25.869345 Audio: Enabling input for driver 'PulseAudio'
00:00:25.869561 Mixer: Setting recording source of sink '[Recording] Line In' to 'Line-In'
00:00:25.922969 Audio: Disabling input for driver 'PulseAudio'
00:00:25.923534 Mixer: Setting recording source of sink '[Recording] Line In' to '<None>'
00:00:25.940644 PulseAudio: Retrieving server information ...
00:00:25.941421 Audio: Enabling input for driver 'PulseAudio'
00:00:25.941739 Mixer: Setting recording source of sink '[Recording] Line In' to 'Line-In'
00:00:25.993272 Audio: Disabling input for driver 'PulseAudio'
00:00:25.994020 Mixer: Setting recording source of sink '[Recording] Line In' to '<None>'
00:00:26.008603 PulseAudio: Retrieving server information ...
00:00:26.009368 Audio: Enabling input for driver 'PulseAudio'
00:00:26.009816 Mixer: Setting recording source of sink '[Recording] Line In' to 'Line-In'
00:00:26.064795 Audio: Disabling input for driver 'PulseAudio'
00:00:26.065383 Mixer: Setting recording source of sink '[Recording] Line In' to '<None>'
00:00:26.076417 PulseAudio: Retrieving server information ...
00:00:26.076947 Audio: Enabling input for driver 'PulseAudio'
00:00:26.077215 Mixer: Setting recording source of sink '[Recording] Line In' to 'Line-In'
00:00:26.103876 Audio: Disabling input for driver 'PulseAudio'
00:00:26.104724 Mixer: Setting recording source of sink '[Recording] Line In' to '<None>'
00:00:26.116773 PulseAudio: Retrieving server information ...
00:00:26.117367 Audio: Enabling input for driver 'PulseAudio'
00:00:26.117686 Mixer: Setting recording source of sink '[Recording] Line In' to 'Line-In'
00:00:26.175530 Audio: Disabling input for driver 'PulseAudio'
00:00:26.176102 Mixer: Setting recording source of sink '[Recording] Line In' to '<None>'
00:00:26.192533 PulseAudio: Retrieving server information ...
00:00:26.193160 Audio: Enabling input for driver 'PulseAudio'
00:00:26.193429 Mixer: Setting recording source of sink '[Recording] Line In' to 'Line-In'
00:00:26.245242 Audio: Disabling input for driver 'PulseAudio'
00:00:26.246154 Mixer: Setting recording source of sink '[Recording] Line In' to '<None>'
00:00:26.256867 PulseAudio: Retrieving server information ...
00:00:26.257583 Audio: Enabling input for driver 'PulseAudio'
00:00:26.257935 Mixer: Setting recording source of sink '[Recording] Line In' to 'Line-In'
00:00:26.303518 Audio: Disabling input for driver 'PulseAudio'
00:00:26.304110 Mixer: Setting recording source of sink '[Recording] Line In' to '<None>'
00:00:26.304917 PulseAudio: Retrieving server information ...
00:00:26.305371 Audio: Enabling input for driver 'PulseAudio'
00:00:26.305597 Mixer: Setting recording source of sink '[Recording] Line In' to 'Line-In'
00:00:26.313711 PulseAudio: Retrieving server information ...
00:00:26.314202 Mixer: Setting recording source of sink '[Recording] Microphone In' to 'Mic-In'
00:00:26.314312 Audio: Disabling input for driver 'PulseAudio'
00:00:26.314565 Mixer: Setting recording source of sink '[Recording] Microphone In' to '<None>'
00:00:26.315030 PulseAudio: Retrieving server information ...
00:00:26.315495 Audio: Enabling input for driver 'PulseAudio'
00:00:26.315838 Mixer: Setting recording source of sink '[Recording] Microphone In' to 'Mic-In'
00:00:26.315937 Audio: Disabling input for driver 'PulseAudio'
00:00:26.316384 Mixer: Setting recording source of sink '[Recording] Microphone In' to '<None>'
00:00:26.328441 PulseAudio: Retrieving server information ...
00:00:26.329164 Audio: Enabling input for driver 'PulseAudio'
00:00:26.340687 Mixer: Setting recording source of sink '[Recording] Microphone In' to 'Mic-In'
00:00:26.423061 Audio: Disabling input for driver 'PulseAudio'
00:00:26.423942 Mixer: Setting recording source of sink '[Recording] Microphone In' to '<None>'
00:00:26.425158 PulseAudio: Retrieving server information ...
00:00:26.425503 Audio: Enabling input for driver 'PulseAudio'
00:00:26.425889 Mixer: Setting recording source of sink '[Recording] Microphone In' to 'Mic-In'
00:00:26.463015 Audio: Disabling input for driver 'PulseAudio'
00:00:26.463840 Mixer: Setting recording source of sink '[Recording] Microphone In' to '<None>'
00:00:26.476671 PulseAudio: Retrieving server information ...
00:00:26.477641 Audio: Enabling input for driver 'PulseAudio'
00:00:26.492831 Mixer: Setting recording source of sink '[Recording] Microphone In' to 'Mic-In'
00:00:26.643034 Audio: Disabling input for driver 'PulseAudio'
00:00:26.644074 Mixer: Setting recording source of sink '[Recording] Microphone In' to '<None>'
00:00:26.644566 PulseAudio: Retrieving server information ...
00:00:26.644912 Audio: Enabling input for driver 'PulseAudio'
00:00:26.645409 Mixer: Setting recording source of sink '[Recording] Microphone In' to 'Mic-In'
00:00:26.652993 Audio: Disabling input for driver 'PulseAudio'
00:00:26.653660 Mixer: Setting recording source of sink '[Recording] Microphone In' to '<None>'
00:00:26.664852 PulseAudio: Retrieving server information ...
00:00:26.665651 Audio: Enabling input for driver 'PulseAudio'
00:00:26.676632 Mixer: Setting recording source of sink '[Recording] Microphone In' to 'Mic-In'
00:00:26.793034 Audio: Disabling input for driver 'PulseAudio'
00:00:26.793902 Mixer: Setting recording source of sink '[Recording] Microphone In' to '<None>'
00:00:26.794546 PulseAudio: Retrieving server information ...
00:00:26.794950 Audio: Enabling input for driver 'PulseAudio'
00:00:26.795288 Mixer: Setting recording source of sink '[Recording] Microphone In' to 'Mic-In'
00:00:26.795379 Audio: Disabling input for driver 'PulseAudio'
00:00:26.795848 Mixer: Setting recording source of sink '[Recording] Microphone In' to '<None>'
00:00:26.796715 PulseAudio: Retrieving server information ...
00:00:26.797117 Audio: Enabling input for driver 'PulseAudio'
00:00:26.797679 Mixer: Setting recording source of sink '[Recording] Microphone In' to 'Mic-In'
00:00:26.798614 AC97: Record select to left=Microphone In, right=Microphone In
